{
  "RSpec": {
    "coverage": {
      "/Users/stephencrane/dev/power/defenders/projects/habit-builder/app/models/user.rb": {
        "lines": [
          1,
          null,
          null,
          1,
          null,
          null,
          1,
          1,
          1,
          null,
          1,
          1,
          null,
          null,
          1,
          1,
          null,
          null,
          1,
          1,
          null,
          null,
          1,
          3,
          null,
          null
        ]
      },
      "/Users/stephencrane/dev/power/defenders/projects/habit-builder/app/models/application_record.rb": {
        "lines": [
          1,
          1,
          null
        ]
      },
      "/Users/stephencrane/dev/power/defenders/projects/habit-builder/app/helpers/application_helper.rb": {
        "lines": [
          1,
          1,
          0,
          0,
          0,
          0,
          null,
          null,
          null
        ]
      },
      "/Users/stephencrane/dev/power/defenders/projects/habit-builder/app/helpers/checkins_helper.rb": {
        "lines": [
          1,
          null
        ]
      },
      "/Users/stephencrane/dev/power/defenders/projects/habit-builder/app/helpers/habits_helper.rb": {
        "lines": [
          1,
          null
        ]
      },
      "/Users/stephencrane/dev/power/defenders/projects/habit-builder/app/controllers/checkins_controller.rb": {
        "lines": [
          1,
          1,
          1,
          1,
          null,
          1,
          1,
          null,
          null,
          1,
          1,
          1,
          null,
          null,
          1,
          2,
          2,
          1,
          1,
          null,
          1,
          1,
          null,
          null,
          null,
          1,
          0,
          0,
          0,
          null,
          null,
          1,
          0,
          null,
          null,
          1,
          0,
          0,
          0,
          0,
          null,
          0,
          0,
          null,
          null,
          null,
          1,
          null,
          1,
          2,
          null,
          null,
          1,
          2,
          2,
          null,
          null,
          1,
          0,
          null,
          0,
          0,
          null,
          null
        ]
      },
      "/Users/stephencrane/dev/power/defenders/projects/habit-builder/app/controllers/application_controller.rb": {
        "lines": [
          1,
          1,
          8,
          null,
          1,
          1,
          null,
          null,
          1,
          8,
          null,
          0,
          null,
          null,
          1,
          8,
          8,
          null,
          null,
          1,
          0,
          0,
          null,
          null
        ]
      },
      "/Users/stephencrane/dev/power/defenders/projects/habit-builder/app/controllers/habits_controller.rb": {
        "lines": [
          1,
          1,
          1,
          1,
          null,
          1,
          2,
          1,
          1,
          null,
          1,
          1,
          null,
          null,
          null,
          1,
          null,
          1,
          3,
          null,
          1,
          1,
          null,
          null
        ]
      },
      "/Users/stephencrane/dev/power/defenders/projects/habit-builder/app/models/checkin.rb": {
        "lines": [
          1,
          1,
          1,
          1,
          1,
          null,
          1,
          1,
          1,
          null,
          1,
          null,
          1,
          2,
          null,
          null,
          1,
          null,
          1,
          22,
          null,
          null,
          1,
          17,
          17,
          17,
          null,
          null,
          null
        ]
      },
      "/Users/stephencrane/dev/power/defenders/projects/habit-builder/app/models/goal.rb": {
        "lines": [
          1,
          1,
          1,
          1,
          null,
          1,
          null,
          1,
          1,
          null,
          1,
          1,
          1,
          1,
          null,
          null
        ]
      },
      "/Users/stephencrane/dev/power/defenders/projects/habit-builder/app/models/habit_checkin.rb": {
        "lines": [
          1,
          1,
          1,
          null
        ]
      },
      "/Users/stephencrane/dev/power/defenders/projects/habit-builder/app/models/habit.rb": {
        "lines": [
          1,
          1,
          1,
          1,
          1,
          null,
          1,
          null,
          1,
          2,
          null,
          null
        ]
      },
      "/Users/stephencrane/dev/power/defenders/projects/habit-builder/app/mailers/application_mailer.rb": {
        "lines": [
          0,
          0,
          0,
          0
        ],
        "branches": {
        }
      },
      "/Users/stephencrane/dev/power/defenders/projects/habit-builder/app/jobs/application_job.rb": {
        "lines": [
          0,
          null,
          null,
          null,
          null,
          null,
          0
        ],
        "branches": {
        }
      },
      "/Users/stephencrane/dev/power/defenders/projects/habit-builder/app/controllers/users_controller.rb": {
        "lines": [
          0,
          0,
          0,
          null,
          0,
          0,
          0,
          0,
          0,
          0,
          0,
          0,
          0
        ],
        "branches": {
        }
      },
      "/Users/stephencrane/dev/power/defenders/projects/habit-builder/app/controllers/home_controller.rb": {
        "lines": [
          0,
          0,
          0,
          0
        ],
        "branches": {
        }
      },
      "/Users/stephencrane/dev/power/defenders/projects/habit-builder/app/controllers/goals_controller.rb": {
        "lines": [
          0,
          0,
          0,
          0,
          null,
          0,
          0,
          0,
          0,
          null,
          0,
          null,
          0,
          0,
          0,
          0,
          null,
          0,
          0,
          0,
          0,
          0,
          0,
          0,
          0,
          0,
          0,
          null,
          0,
          0,
          0,
          0,
          0,
          null,
          0,
          0,
          0,
          null,
          0,
          0,
          0,
          0,
          0,
          0,
          0,
          0,
          0,
          0,
          null,
          0,
          null,
          0,
          0,
          0,
          null,
          0,
          0,
          0,
          0,
          null,
          0,
          0,
          0,
          0,
          0,
          0,
          0
        ],
        "branches": {
        }
      },
      "/Users/stephencrane/dev/power/defenders/projects/habit-builder/app/channels/application_cable/connection.rb": {
        "lines": [
          0,
          0,
          0,
          0
        ],
        "branches": {
        }
      },
      "/Users/stephencrane/dev/power/defenders/projects/habit-builder/app/channels/application_cable/channel.rb": {
        "lines": [
          0,
          0,
          0,
          0
        ],
        "branches": {
        }
      }
    },
    "timestamp": 1635366747
  }
}
